<?xml version="1.0" encoding="UTF-8"?>
<testng-results ignored="0" total="1" passed="1" failed="0" skipped="0">
  <reporter-output>
  </reporter-output>
  <suite started-at="2025-06-24T14:16:09 WAT" name="Surefire suite" finished-at="2025-06-24T14:17:12 WAT" duration-ms="63374">
    <groups>
    </groups>
    <test started-at="2025-06-24T14:16:09 WAT" name="Surefire test" finished-at="2025-06-24T14:17:12 WAT" duration-ms="63374">
      <class name="test.CreateAccountTest">
        <test-method is-config="true" signature="setUp()[pri:0, instance:test.CreateAccountTest@5c909414]" started-at="2025-06-24T14:16:09 WAT" name="setUp" finished-at="2025-06-24T14:16:32 WAT" duration-ms="23157" status="PASS">
          <reporter-output>
          </reporter-output>
        </test-method> <!-- setUp -->
        <test-method signature="createAccount()[pri:0, instance:test.CreateAccountTest@5c909414]" started-at="2025-06-24T14:16:32 WAT" name="createAccount" finished-at="2025-06-24T14:17:10 WAT" duration-ms="38040" status="PASS">
          <reporter-output>
          </reporter-output>
        </test-method> <!-- createAccount -->
        <test-method is-config="true" signature="tearDown()[pri:0, instance:test.CreateAccountTest@5c909414]" started-at="2025-06-24T14:17:10 WAT" name="tearDown" finished-at="2025-06-24T14:17:12 WAT" duration-ms="1913" status="PASS">
          <reporter-output>
          </reporter-output>
        </test-method> <!-- tearDown -->
      </class> <!-- test.CreateAccountTest -->
    </test> <!-- Surefire test -->
  </suite> <!-- Surefire suite -->
</testng-results>
