<?xml version="1.0" encoding="UTF-8"?>
<testng-results ignored="0" total="1" passed="1" failed="0" skipped="0">
  <reporter-output>
  </reporter-output>
  <suite started-at="2025-06-26T13:38:45 WAT" name="Default suite" finished-at="2025-06-26T13:39:35 WAT" duration-ms="49996">
    <groups>
    </groups>
    <test started-at="2025-06-26T13:38:45 WAT" name="Default test" finished-at="2025-06-26T13:39:35 WAT" duration-ms="49996">
      <class name="test.SearchProduct">
        <test-method is-config="true" signature="setUp()[pri:0, instance:test.SearchProduct@40a4337a]" started-at="2025-06-26T13:38:45 WAT" name="setUp" finished-at="2025-06-26T13:39:10 WAT" duration-ms="24976" status="PASS">
          <reporter-output>
          </reporter-output>
        </test-method> <!-- setUp -->
        <test-method signature="searchProduct()[pri:0, instance:test.SearchProduct@40a4337a]" started-at="2025-06-26T13:39:10 WAT" name="searchProduct" finished-at="2025-06-26T13:39:27 WAT" duration-ms="16857" status="PASS">
          <reporter-output>
          </reporter-output>
        </test-method> <!-- searchProduct -->
        <test-method is-config="true" signature="tearDown()[pri:0, instance:test.SearchProduct@40a4337a]" started-at="2025-06-26T13:39:27 WAT" name="tearDown" finished-at="2025-06-26T13:39:35 WAT" duration-ms="7728" status="PASS">
          <reporter-output>
          </reporter-output>
        </test-method> <!-- tearDown -->
      </class> <!-- test.SearchProduct -->
    </test> <!-- Default test -->
  </suite> <!-- Default suite -->
</testng-results>
